running egg_info
writing ../../build/my_robot_vis/my_robot_vis.egg-info/PKG-INFO
writing dependency_links to ../../build/my_robot_vis/my_robot_vis.egg-info/dependency_links.txt
writing entry points to ../../build/my_robot_vis/my_robot_vis.egg-info/entry_points.txt
writing requirements to ../../build/my_robot_vis/my_robot_vis.egg-info/requires.txt
writing top-level names to ../../build/my_robot_vis/my_robot_vis.egg-info/top_level.txt
reading manifest file '../../build/my_robot_vis/my_robot_vis.egg-info/SOURCES.txt'
writing manifest file '../../build/my_robot_vis/my_robot_vis.egg-info/SOURCES.txt'
running build
running build_py
running install
running install_lib
running install_data
copying urdf/my_robot.urdf -> /home/selysecr/Ros2_Proj/dev_ws/install/my_robot_vis/share/my_robot_vis/urdf
running install_egg_info
removing '/home/selysecr/Ros2_Proj/dev_ws/install/my_robot_vis/lib/python3.12/site-packages/my_robot_vis-0.0.0-py3.12.egg-info' (and everything under it)
Copying ../../build/my_robot_vis/my_robot_vis.egg-info to /home/selysecr/Ros2_Proj/dev_ws/install/my_robot_vis/lib/python3.12/site-packages/my_robot_vis-0.0.0-py3.12.egg-info
running install_scripts
Installing move_demo script to /home/selysecr/Ros2_Proj/dev_ws/install/my_robot_vis/lib/my_robot_vis
writing list of installed files to '/home/selysecr/Ros2_Proj/dev_ws/build/my_robot_vis/install.log'
