[1.657s] Invoking command in '/home/selysecr/Ros2_Proj/dev_ws/src/my_robot_vis': DEBUGINFOD_URLS=https://debuginfod.ubuntu.com PYTHONPATH=/home/selysecr/Ros2_Proj/dev_ws/build/my_robot_vis/prefix_override:/usr/lib/python3/dist-packages/colcon_core/task/python/colcon_distutils_commands:/home/selysecr/Ros2_Proj/dev_ws/install/my_robot_vis/lib/python3.12/site-packages:${PYTHONPATH} /usr/bin/python3 -W ignore:setup.py install is deprecated -W ignore:easy_install command is deprecated setup.py egg_info --egg-base ../../build/my_robot_vis build --build-base /home/selysecr/Ros2_Proj/dev_ws/build/my_robot_vis/build install --record /home/selysecr/Ros2_Proj/dev_ws/build/my_robot_vis/install.log --single-version-externally-managed install_data
[1.956s] running egg_info
[1.979s] writing ../../build/my_robot_vis/my_robot_vis.egg-info/PKG-INFO
[1.979s] writing dependency_links to ../../build/my_robot_vis/my_robot_vis.egg-info/dependency_links.txt
[1.980s] writing entry points to ../../build/my_robot_vis/my_robot_vis.egg-info/entry_points.txt
[1.980s] writing requirements to ../../build/my_robot_vis/my_robot_vis.egg-info/requires.txt
[1.980s] writing top-level names to ../../build/my_robot_vis/my_robot_vis.egg-info/top_level.txt
[2.027s] reading manifest file '../../build/my_robot_vis/my_robot_vis.egg-info/SOURCES.txt'
[2.030s] writing manifest file '../../build/my_robot_vis/my_robot_vis.egg-info/SOURCES.txt'
[2.030s] running build
[2.030s] running build_py
[2.033s] running install
[2.039s] running install_lib
[2.075s] running install_data
[2.077s] copying urdf/my_robot.urdf -> /home/selysecr/Ros2_Proj/dev_ws/install/my_robot_vis/share/my_robot_vis/urdf
[2.079s] running install_egg_info
[2.106s] removing '/home/selysecr/Ros2_Proj/dev_ws/install/my_robot_vis/lib/python3.12/site-packages/my_robot_vis-0.0.0-py3.12.egg-info' (and everything under it)
[2.106s] Copying ../../build/my_robot_vis/my_robot_vis.egg-info to /home/selysecr/Ros2_Proj/dev_ws/install/my_robot_vis/lib/python3.12/site-packages/my_robot_vis-0.0.0-py3.12.egg-info
[2.108s] running install_scripts
[2.261s] Installing move_demo script to /home/selysecr/Ros2_Proj/dev_ws/install/my_robot_vis/lib/my_robot_vis
[2.262s] writing list of installed files to '/home/selysecr/Ros2_Proj/dev_ws/build/my_robot_vis/install.log'
[2.292s] Invoked command in '/home/selysecr/Ros2_Proj/dev_ws/src/my_robot_vis' returned '0': DEBUGINFOD_URLS=https://debuginfod.ubuntu.com PYTHONPATH=/home/selysecr/Ros2_Proj/dev_ws/build/my_robot_vis/prefix_override:/usr/lib/python3/dist-packages/colcon_core/task/python/colcon_distutils_commands:/home/selysecr/Ros2_Proj/dev_ws/install/my_robot_vis/lib/python3.12/site-packages:${PYTHONPATH} /usr/bin/python3 -W ignore:setup.py install is deprecated -W ignore:easy_install command is deprecated setup.py egg_info --egg-base ../../build/my_robot_vis build --build-base /home/selysecr/Ros2_Proj/dev_ws/build/my_robot_vis/build install --record /home/selysecr/Ros2_Proj/dev_ws/build/my_robot_vis/install.log --single-version-externally-managed install_data
