[2.685s] Invoking command in '/home/selysecr/Ros2_Proj/dev_ws/build/my_robot_vis': DEBUGINFOD_URLS=https://debuginfod.ubuntu.com PYTHONPATH=/home/selysecr/Ros2_Proj/dev_ws/build/my_robot_vis/prefix_override:/usr/lib/python3/dist-packages/colcon_core/task/python/colcon_distutils_commands:/home/selysecr/Ros2_Proj/dev_ws/install/my_robot_vis/lib/python3.12/site-packages:${PYTHONPATH} /usr/bin/python3 -W ignore:setup.py install is deprecated -W ignore:easy_install command is deprecated setup.py develop --editable --build-directory /home/selysecr/Ros2_Proj/dev_ws/build/my_robot_vis/build --no-deps symlink_data
[3.215s] running develop
[3.738s] running egg_info
[3.738s] creating my_robot_vis.egg-info
[3.787s] writing my_robot_vis.egg-info/PKG-INFO
[3.788s] writing dependency_links to my_robot_vis.egg-info/dependency_links.txt
[3.788s] writing entry points to my_robot_vis.egg-info/entry_points.txt
[3.789s] writing requirements to my_robot_vis.egg-info/requires.txt
[3.789s] writing top-level names to my_robot_vis.egg-info/top_level.txt
[3.789s] writing manifest file 'my_robot_vis.egg-info/SOURCES.txt'
[3.899s] reading manifest file 'my_robot_vis.egg-info/SOURCES.txt'
[3.900s] writing manifest file 'my_robot_vis.egg-info/SOURCES.txt'
[3.958s] running build_ext
[3.962s] Creating /home/selysecr/Ros2_Proj/dev_ws/install/my_robot_vis/lib/python3.12/site-packages/my-robot-vis.egg-link (link to .)
[3.963s] Installing move_demo script to /home/selysecr/Ros2_Proj/dev_ws/install/my_robot_vis/lib/my_robot_vis
[3.964s] 
[3.964s] Installed /home/selysecr/Ros2_Proj/dev_ws/build/my_robot_vis
[3.964s] running symlink_data
[3.965s] creating /home/selysecr/Ros2_Proj/dev_ws/install/my_robot_vis/share/ament_index
[3.965s] creating /home/selysecr/Ros2_Proj/dev_ws/install/my_robot_vis/share/ament_index/resource_index
[3.965s] creating /home/selysecr/Ros2_Proj/dev_ws/install/my_robot_vis/share/ament_index/resource_index/packages
[3.965s] symbolically linking /home/selysecr/Ros2_Proj/dev_ws/build/my_robot_vis/resource/my_robot_vis -> /home/selysecr/Ros2_Proj/dev_ws/install/my_robot_vis/share/ament_index/resource_index/packages
[3.966s] symbolically linking /home/selysecr/Ros2_Proj/dev_ws/build/my_robot_vis/package.xml -> /home/selysecr/Ros2_Proj/dev_ws/install/my_robot_vis/share/my_robot_vis
[3.968s] creating /home/selysecr/Ros2_Proj/dev_ws/install/my_robot_vis/share/my_robot_vis/launch
[3.968s] symbolically linking /home/selysecr/Ros2_Proj/dev_ws/build/my_robot_vis/launch/visualize.launch.py -> /home/selysecr/Ros2_Proj/dev_ws/install/my_robot_vis/share/my_robot_vis/launch
[3.968s] creating /home/selysecr/Ros2_Proj/dev_ws/install/my_robot_vis/share/my_robot_vis/urdf
[3.969s] symbolically linking /home/selysecr/Ros2_Proj/dev_ws/build/my_robot_vis/urdf/my_robot.urdf -> /home/selysecr/Ros2_Proj/dev_ws/install/my_robot_vis/share/my_robot_vis/urdf
[3.969s] creating /home/selysecr/Ros2_Proj/dev_ws/install/my_robot_vis/share/my_robot_vis/rviz
[3.969s] symbolically linking /home/selysecr/Ros2_Proj/dev_ws/build/my_robot_vis/rviz/default.rviz -> /home/selysecr/Ros2_Proj/dev_ws/install/my_robot_vis/share/my_robot_vis/rviz
[4.047s] Invoked command in '/home/selysecr/Ros2_Proj/dev_ws/build/my_robot_vis' returned '0': DEBUGINFOD_URLS=https://debuginfod.ubuntu.com PYTHONPATH=/home/selysecr/Ros2_Proj/dev_ws/build/my_robot_vis/prefix_override:/usr/lib/python3/dist-packages/colcon_core/task/python/colcon_distutils_commands:/home/selysecr/Ros2_Proj/dev_ws/install/my_robot_vis/lib/python3.12/site-packages:${PYTHONPATH} /usr/bin/python3 -W ignore:setup.py install is deprecated -W ignore:easy_install command is deprecated setup.py develop --editable --build-directory /home/selysecr/Ros2_Proj/dev_ws/build/my_robot_vis/build --no-deps symlink_data
