[2.588s] DEBUG:colcon:Command line arguments: ['/usr/bin/colcon', 'build', '--symlink-install', '--packages-select', 'my_robot_vis']
[2.593s] DEBUG:colcon:Parsed command line arguments: Namespace(log_base=None, log_level=None, verb_name='build', build_base='build', install_base='install', merge_install=False, symlink_install=True, test_result_base=None, continue_on_error=False, executor='parallel', parallel_workers=4, event_handlers=None, ignore_user_meta=False, metas=['./colcon.meta'], base_paths=['.'], packages_ignore=None, packages_ignore_regex=None, paths=None, packages_up_to=None, packages_up_to_regex=None, packages_above=None, packages_above_and_dependencies=None, packages_above_depth=None, packages_select_by_dep=None, packages_skip_by_dep=None, packages_skip_up_to=None, packages_select_build_failed=False, packages_skip_build_finished=False, packages_select_test_failures=False, packages_skip_test_passed=False, packages_select=['my_robot_vis'], packages_skip=None, packages_select_regex=None, packages_skip_regex=None, packages_start=None, packages_end=None, allow_overriding=[], cmake_args=None, cmake_target=None, cmake_target_skip_unavailable=False, cmake_clean_cache=False, cmake_clean_first=False, cmake_force_configure=False, ament_cmake_args=None, catkin_cmake_args=None, catkin_skip_building_tests=False, mixin_files=None, mixin=None, verb_parser=<colcon_mixin.mixin.mixin_argument.MixinArgumentDecorator object at 0x7260d87a4230>, verb_extension=<colcon_core.verb.build.BuildVerb object at 0x7260d877bef0>, main=<bound method BuildVerb.main of <colcon_core.verb.build.BuildVerb object at 0x7260d877bef0>>, mixin_verb=('build',))
[2.951s] Level 1:colcon.colcon_core.package_discovery:discover_packages(colcon_meta) check parameters
[2.956s] Level 1:colcon.colcon_core.package_discovery:discover_packages(recursive) check parameters
[2.956s] Level 1:colcon.colcon_core.package_discovery:discover_packages(ignore) check parameters
[2.956s] Level 1:colcon.colcon_core.package_discovery:discover_packages(path) check parameters
[2.956s] Level 1:colcon.colcon_core.package_discovery:discover_packages(colcon_meta) discover
[2.956s] Level 1:colcon.colcon_core.package_discovery:discover_packages(recursive) discover
[2.956s] INFO:colcon.colcon_core.package_discovery:Crawling recursively for packages in '/home/selysecr/Ros2_Proj/dev_ws'
[2.958s] Level 1:colcon.colcon_core.package_identification:_identify(.) by extensions ['ignore', 'ignore_ament_install']
[2.958s] Level 1:colcon.colcon_core.package_identification:_identify(.) by extension 'ignore'
[2.959s] Level 1:colcon.colcon_core.package_identification:_identify(.) by extension 'ignore_ament_install'
[2.959s] Level 1:colcon.colcon_core.package_identification:_identify(.) by extensions ['colcon_pkg']
[2.959s] Level 1:colcon.colcon_core.package_identification:_identify(.) by extension 'colcon_pkg'
[2.959s] Level 1:colcon.colcon_core.package_identification:_identify(.) by extensions ['colcon_meta']
[2.959s] Level 1:colcon.colcon_core.package_identification:_identify(.) by extension 'colcon_meta'
[2.959s] Level 1:colcon.colcon_core.package_identification:_identify(.) by extensions ['ros']
[2.959s] Level 1:colcon.colcon_core.package_identification:_identify(.) by extension 'ros'
[3.120s] Level 1:colcon.colcon_core.package_identification:_identify(.) by extensions ['cmake', 'python']
[3.127s] Level 1:colcon.colcon_core.package_identification:_identify(.) by extension 'cmake'
[3.127s] Level 1:colcon.colcon_core.package_identification:_identify(.) by extension 'python'
[3.127s] Level 1:colcon.colcon_core.package_identification:_identify(.) by extensions ['python_setup_py']
[3.127s] Level 1:colcon.colcon_core.package_identification:_identify(.) by extension 'python_setup_py'
[3.129s] Level 1:colcon.colcon_core.package_identification:_identify(build) by extensions ['ignore', 'ignore_ament_install']
[3.130s] Level 1:colcon.colcon_core.package_identification:_identify(build) by extension 'ignore'
[3.130s] Level 1:colcon.colcon_core.package_identification:_identify(build) ignored
[3.130s] Level 1:colcon.colcon_core.package_identification:_identify(install) by extensions ['ignore', 'ignore_ament_install']
[3.130s] Level 1:colcon.colcon_core.package_identification:_identify(install) by extension 'ignore'
[3.132s] Level 1:colcon.colcon_core.package_identification:_identify(install) ignored
[3.132s] Level 1:colcon.colcon_core.package_identification:_identify(log) by extensions ['ignore', 'ignore_ament_install']
[3.132s] Level 1:colcon.colcon_core.package_identification:_identify(log) by extension 'ignore'
[3.132s] Level 1:colcon.colcon_core.package_identification:_identify(log) ignored
[3.133s] Level 1:colcon.colcon_core.package_identification:_identify(src) by extensions ['ignore', 'ignore_ament_install']
[3.134s] Level 1:colcon.colcon_core.package_identification:_identify(src) by extension 'ignore'
[3.134s] Level 1:colcon.colcon_core.package_identification:_identify(src) by extension 'ignore_ament_install'
[3.134s] Level 1:colcon.colcon_core.package_identification:_identify(src) by extensions ['colcon_pkg']
[3.134s] Level 1:colcon.colcon_core.package_identification:_identify(src) by extension 'colcon_pkg'
[3.134s] Level 1:colcon.colcon_core.package_identification:_identify(src) by extensions ['colcon_meta']
[3.134s] Level 1:colcon.colcon_core.package_identification:_identify(src) by extension 'colcon_meta'
[3.134s] Level 1:colcon.colcon_core.package_identification:_identify(src) by extensions ['ros']
[3.134s] Level 1:colcon.colcon_core.package_identification:_identify(src) by extension 'ros'
[3.134s] Level 1:colcon.colcon_core.package_identification:_identify(src) by extensions ['cmake', 'python']
[3.134s] Level 1:colcon.colcon_core.package_identification:_identify(src) by extension 'cmake'
[3.134s] Level 1:colcon.colcon_core.package_identification:_identify(src) by extension 'python'
[3.134s] Level 1:colcon.colcon_core.package_identification:_identify(src) by extensions ['python_setup_py']
[3.134s] Level 1:colcon.colcon_core.package_identification:_identify(src) by extension 'python_setup_py'
[3.135s] Level 1:colcon.colcon_core.package_identification:_identify(src/my_robot_vis) by extensions ['ignore', 'ignore_ament_install']
[3.135s] Level 1:colcon.colcon_core.package_identification:_identify(src/my_robot_vis) by extension 'ignore'
[3.135s] Level 1:colcon.colcon_core.package_identification:_identify(src/my_robot_vis) by extension 'ignore_ament_install'
[3.135s] Level 1:colcon.colcon_core.package_identification:_identify(src/my_robot_vis) by extensions ['colcon_pkg']
[3.135s] Level 1:colcon.colcon_core.package_identification:_identify(src/my_robot_vis) by extension 'colcon_pkg'
[3.136s] Level 1:colcon.colcon_core.package_identification:_identify(src/my_robot_vis) by extensions ['colcon_meta']
[3.136s] Level 1:colcon.colcon_core.package_identification:_identify(src/my_robot_vis) by extension 'colcon_meta'
[3.136s] Level 1:colcon.colcon_core.package_identification:_identify(src/my_robot_vis) by extensions ['ros']
[3.136s] Level 1:colcon.colcon_core.package_identification:_identify(src/my_robot_vis) by extension 'ros'
[3.174s] DEBUG:colcon.colcon_core.package_identification:Package 'src/my_robot_vis' with type 'ros.ament_python' and name 'my_robot_vis'
[3.174s] Level 1:colcon.colcon_core.package_discovery:discover_packages(recursive) using defaults
[3.174s] Level 1:colcon.colcon_core.package_discovery:discover_packages(ignore) discover
[3.174s] Level 1:colcon.colcon_core.package_discovery:discover_packages(ignore) using defaults
[3.174s] Level 1:colcon.colcon_core.package_discovery:discover_packages(path) discover
[3.174s] Level 1:colcon.colcon_core.package_discovery:discover_packages(path) using defaults
[3.429s] Level 1:colcon.colcon_core.package_discovery:discover_packages(prefix_path) check parameters
[3.433s] Level 1:colcon.colcon_core.package_discovery:discover_packages(prefix_path) discover
[3.495s] DEBUG:colcon.colcon_installed_package_information.package_discovery:Found 1 installed packages in /home/selysecr/Ros2_Proj/dev_ws/install
[3.507s] DEBUG:colcon.colcon_installed_package_information.package_discovery:Found 288 installed packages in /opt/ros/jazzy
[3.510s] Level 1:colcon.colcon_core.package_discovery:discover_packages(prefix_path) using defaults
[4.302s] Level 5:colcon.colcon_core.verb:set package 'my_robot_vis' build argument 'cmake_args' from command line to 'None'
[4.306s] Level 5:colcon.colcon_core.verb:set package 'my_robot_vis' build argument 'cmake_target' from command line to 'None'
[4.307s] Level 5:colcon.colcon_core.verb:set package 'my_robot_vis' build argument 'cmake_target_skip_unavailable' from command line to 'False'
[4.307s] Level 5:colcon.colcon_core.verb:set package 'my_robot_vis' build argument 'cmake_clean_cache' from command line to 'False'
[4.307s] Level 5:colcon.colcon_core.verb:set package 'my_robot_vis' build argument 'cmake_clean_first' from command line to 'False'
[4.307s] Level 5:colcon.colcon_core.verb:set package 'my_robot_vis' build argument 'cmake_force_configure' from command line to 'False'
[4.307s] Level 5:colcon.colcon_core.verb:set package 'my_robot_vis' build argument 'ament_cmake_args' from command line to 'None'
[4.307s] Level 5:colcon.colcon_core.verb:set package 'my_robot_vis' build argument 'catkin_cmake_args' from command line to 'None'
[4.307s] Level 5:colcon.colcon_core.verb:set package 'my_robot_vis' build argument 'catkin_skip_building_tests' from command line to 'False'
[4.307s] DEBUG:colcon.colcon_core.verb:Building package 'my_robot_vis' with the following arguments: {'ament_cmake_args': None, 'build_base': '/home/selysecr/Ros2_Proj/dev_ws/build/my_robot_vis', 'catkin_cmake_args': None, 'catkin_skip_building_tests': False, 'cmake_args': None, 'cmake_clean_cache': False, 'cmake_clean_first': False, 'cmake_force_configure': False, 'cmake_target': None, 'cmake_target_skip_unavailable': False, 'install_base': '/home/selysecr/Ros2_Proj/dev_ws/install/my_robot_vis', 'merge_install': False, 'path': '/home/selysecr/Ros2_Proj/dev_ws/src/my_robot_vis', 'symlink_install': True, 'test_result_base': None}
[4.307s] INFO:colcon.colcon_core.executor:Executing jobs using 'parallel' executor
[4.326s] DEBUG:colcon.colcon_parallel_executor.executor.parallel:run_until_complete
[4.326s] INFO:colcon.colcon_ros.task.ament_python.build:Building ROS package in '/home/selysecr/Ros2_Proj/dev_ws/src/my_robot_vis' with build type 'ament_python'
[4.326s] Level 1:colcon.colcon_core.shell:create_environment_hook('my_robot_vis', 'ament_prefix_path')
[4.388s] INFO:colcon.colcon_core.plugin_system:Skipping extension 'colcon_core.shell.bat': Not used on non-Windows systems
[4.390s] INFO:colcon.colcon_core.shell:Creating environment hook '/home/selysecr/Ros2_Proj/dev_ws/install/my_robot_vis/share/my_robot_vis/hook/ament_prefix_path.ps1'
[4.409s] INFO:colcon.colcon_core.shell:Creating environment descriptor '/home/selysecr/Ros2_Proj/dev_ws/install/my_robot_vis/share/my_robot_vis/hook/ament_prefix_path.dsv'
[4.412s] INFO:colcon.colcon_core.shell:Creating environment hook '/home/selysecr/Ros2_Proj/dev_ws/install/my_robot_vis/share/my_robot_vis/hook/ament_prefix_path.sh'
[4.414s] INFO:colcon.colcon_core.shell:Skip shell extension 'powershell' for command environment: Not usable outside of PowerShell
[4.415s] DEBUG:colcon.colcon_core.shell:Skip shell extension 'dsv' for command environment
[17.602s] INFO:colcon.colcon_core.task.python.build:Building Python package in '/home/selysecr/Ros2_Proj/dev_ws/src/my_robot_vis'
[17.608s] INFO:colcon.colcon_core.shell:Skip shell extension 'powershell' for command environment: Not usable outside of PowerShell
[17.608s] DEBUG:colcon.colcon_core.shell:Skip shell extension 'dsv' for command environment
