[0.132s] DEBUG:colcon:Command line arguments: ['/usr/bin/colcon', 'build', '--symlink-install', '--packages-select', 'my_robot_vis']
[0.132s] DEBUG:colcon:Parsed command line arguments: Namespace(log_base=None, log_level=None, verb_name='build', build_base='build', install_base='install', merge_install=False, symlink_install=True, test_result_base=None, continue_on_error=False, executor='parallel', parallel_workers=4, event_handlers=None, ignore_user_meta=False, metas=['./colcon.meta'], base_paths=['.'], packages_ignore=None, packages_ignore_regex=None, paths=None, packages_up_to=None, packages_up_to_regex=None, packages_above=None, packages_above_and_dependencies=None, packages_above_depth=None, packages_select_by_dep=None, packages_skip_by_dep=None, packages_skip_up_to=None, packages_select_build_failed=False, packages_skip_build_finished=False, packages_select_test_failures=False, packages_skip_test_passed=False, packages_select=['my_robot_vis'], packages_skip=None, packages_select_regex=None, packages_skip_regex=None, packages_start=None, packages_end=None, allow_overriding=[], cmake_args=None, cmake_target=None, cmake_target_skip_unavailable=False, cmake_clean_cache=False, cmake_clean_first=False, cmake_force_configure=False, ament_cmake_args=None, catkin_cmake_args=None, catkin_skip_building_tests=False, mixin_files=None, mixin=None, verb_parser=<colcon_mixin.mixin.mixin_argument.MixinArgumentDecorator object at 0x7580d5f9c050>, verb_extension=<colcon_core.verb.build.BuildVerb object at 0x7580d60bc620>, main=<bound method BuildVerb.main of <colcon_core.verb.build.BuildVerb object at 0x7580d60bc620>>, mixin_verb=('build',))
[0.180s] Level 1:colcon.colcon_core.package_discovery:discover_packages(colcon_meta) check parameters
[0.181s] Level 1:colcon.colcon_core.package_discovery:discover_packages(recursive) check parameters
[0.181s] Level 1:colcon.colcon_core.package_discovery:discover_packages(ignore) check parameters
[0.181s] Level 1:colcon.colcon_core.package_discovery:discover_packages(path) check parameters
[0.181s] Level 1:colcon.colcon_core.package_discovery:discover_packages(colcon_meta) discover
[0.181s] Level 1:colcon.colcon_core.package_discovery:discover_packages(recursive) discover
[0.181s] INFO:colcon.colcon_core.package_discovery:Crawling recursively for packages in '/home/selysecr/Ros2_Proj/dev_ws'
[0.181s] Level 1:colcon.colcon_core.package_identification:_identify(.) by extensions ['ignore', 'ignore_ament_install']
[0.181s] Level 1:colcon.colcon_core.package_identification:_identify(.) by extension 'ignore'
[0.181s] Level 1:colcon.colcon_core.package_identification:_identify(.) by extension 'ignore_ament_install'
[0.181s] Level 1:colcon.colcon_core.package_identification:_identify(.) by extensions ['colcon_pkg']
[0.181s] Level 1:colcon.colcon_core.package_identification:_identify(.) by extension 'colcon_pkg'
[0.181s] Level 1:colcon.colcon_core.package_identification:_identify(.) by extensions ['colcon_meta']
[0.181s] Level 1:colcon.colcon_core.package_identification:_identify(.) by extension 'colcon_meta'
[0.182s] Level 1:colcon.colcon_core.package_identification:_identify(.) by extensions ['ros']
[0.182s] Level 1:colcon.colcon_core.package_identification:_identify(.) by extension 'ros'
[0.215s] Level 1:colcon.colcon_core.package_identification:_identify(.) by extensions ['cmake', 'python']
[0.215s] Level 1:colcon.colcon_core.package_identification:_identify(.) by extension 'cmake'
[0.215s] Level 1:colcon.colcon_core.package_identification:_identify(.) by extension 'python'
[0.215s] Level 1:colcon.colcon_core.package_identification:_identify(.) by extensions ['python_setup_py']
[0.215s] Level 1:colcon.colcon_core.package_identification:_identify(.) by extension 'python_setup_py'
[0.216s] Level 1:colcon.colcon_core.package_identification:_identify(build) by extensions ['ignore', 'ignore_ament_install']
[0.216s] Level 1:colcon.colcon_core.package_identification:_identify(build) by extension 'ignore'
[0.216s] Level 1:colcon.colcon_core.package_identification:_identify(build) ignored
[0.216s] Level 1:colcon.colcon_core.package_identification:_identify(install) by extensions ['ignore', 'ignore_ament_install']
[0.216s] Level 1:colcon.colcon_core.package_identification:_identify(install) by extension 'ignore'
[0.216s] Level 1:colcon.colcon_core.package_identification:_identify(install) ignored
[0.216s] Level 1:colcon.colcon_core.package_identification:_identify(log) by extensions ['ignore', 'ignore_ament_install']
[0.216s] Level 1:colcon.colcon_core.package_identification:_identify(log) by extension 'ignore'
[0.216s] Level 1:colcon.colcon_core.package_identification:_identify(log) ignored
[0.216s] Level 1:colcon.colcon_core.package_identification:_identify(src) by extensions ['ignore', 'ignore_ament_install']
[0.216s] Level 1:colcon.colcon_core.package_identification:_identify(src) by extension 'ignore'
[0.216s] Level 1:colcon.colcon_core.package_identification:_identify(src) by extension 'ignore_ament_install'
[0.216s] Level 1:colcon.colcon_core.package_identification:_identify(src) by extensions ['colcon_pkg']
[0.217s] Level 1:colcon.colcon_core.package_identification:_identify(src) by extension 'colcon_pkg'
[0.217s] Level 1:colcon.colcon_core.package_identification:_identify(src) by extensions ['colcon_meta']
[0.217s] Level 1:colcon.colcon_core.package_identification:_identify(src) by extension 'colcon_meta'
[0.217s] Level 1:colcon.colcon_core.package_identification:_identify(src) by extensions ['ros']
[0.217s] Level 1:colcon.colcon_core.package_identification:_identify(src) by extension 'ros'
[0.217s] Level 1:colcon.colcon_core.package_identification:_identify(src) by extensions ['cmake', 'python']
[0.217s] Level 1:colcon.colcon_core.package_identification:_identify(src) by extension 'cmake'
[0.217s] Level 1:colcon.colcon_core.package_identification:_identify(src) by extension 'python'
[0.217s] Level 1:colcon.colcon_core.package_identification:_identify(src) by extensions ['python_setup_py']
[0.217s] Level 1:colcon.colcon_core.package_identification:_identify(src) by extension 'python_setup_py'
[0.217s] Level 1:colcon.colcon_core.package_identification:_identify(src/my_robot_vis) by extensions ['ignore', 'ignore_ament_install']
[0.217s] Level 1:colcon.colcon_core.package_identification:_identify(src/my_robot_vis) by extension 'ignore'
[0.217s] Level 1:colcon.colcon_core.package_identification:_identify(src/my_robot_vis) by extension 'ignore_ament_install'
[0.217s] Level 1:colcon.colcon_core.package_identification:_identify(src/my_robot_vis) by extensions ['colcon_pkg']
[0.217s] Level 1:colcon.colcon_core.package_identification:_identify(src/my_robot_vis) by extension 'colcon_pkg'
[0.217s] Level 1:colcon.colcon_core.package_identification:_identify(src/my_robot_vis) by extensions ['colcon_meta']
[0.217s] Level 1:colcon.colcon_core.package_identification:_identify(src/my_robot_vis) by extension 'colcon_meta'
[0.217s] Level 1:colcon.colcon_core.package_identification:_identify(src/my_robot_vis) by extensions ['ros']
[0.217s] Level 1:colcon.colcon_core.package_identification:_identify(src/my_robot_vis) by extension 'ros'
[0.219s] DEBUG:colcon.colcon_core.package_identification:Package 'src/my_robot_vis' with type 'ros.ament_python' and name 'my_robot_vis'
[0.219s] Level 1:colcon.colcon_core.package_discovery:discover_packages(recursive) using defaults
[0.219s] Level 1:colcon.colcon_core.package_discovery:discover_packages(ignore) discover
[0.219s] Level 1:colcon.colcon_core.package_discovery:discover_packages(ignore) using defaults
[0.219s] Level 1:colcon.colcon_core.package_discovery:discover_packages(path) discover
[0.220s] Level 1:colcon.colcon_core.package_discovery:discover_packages(path) using defaults
[0.237s] Level 1:colcon.colcon_core.package_discovery:discover_packages(prefix_path) check parameters
[0.237s] Level 1:colcon.colcon_core.package_discovery:discover_packages(prefix_path) discover
[0.238s] WARNING:colcon.colcon_ros.prefix_path.ament:The path '/home/selysecr/Ros2_Proj/dev_ws/install/my_robot_vis' in the environment variable AMENT_PREFIX_PATH doesn't exist
[0.240s] DEBUG:colcon.colcon_installed_package_information.package_discovery:Found 0 installed packages in /home/selysecr/Ros2_Proj/dev_ws/install
[0.242s] DEBUG:colcon.colcon_installed_package_information.package_discovery:Found 288 installed packages in /opt/ros/jazzy
[0.244s] Level 1:colcon.colcon_core.package_discovery:discover_packages(prefix_path) using defaults
[0.297s] Level 5:colcon.colcon_core.verb:set package 'my_robot_vis' build argument 'cmake_args' from command line to 'None'
[0.297s] Level 5:colcon.colcon_core.verb:set package 'my_robot_vis' build argument 'cmake_target' from command line to 'None'
[0.297s] Level 5:colcon.colcon_core.verb:set package 'my_robot_vis' build argument 'cmake_target_skip_unavailable' from command line to 'False'
[0.297s] Level 5:colcon.colcon_core.verb:set package 'my_robot_vis' build argument 'cmake_clean_cache' from command line to 'False'
[0.297s] Level 5:colcon.colcon_core.verb:set package 'my_robot_vis' build argument 'cmake_clean_first' from command line to 'False'
[0.297s] Level 5:colcon.colcon_core.verb:set package 'my_robot_vis' build argument 'cmake_force_configure' from command line to 'False'
[0.297s] Level 5:colcon.colcon_core.verb:set package 'my_robot_vis' build argument 'ament_cmake_args' from command line to 'None'
[0.297s] Level 5:colcon.colcon_core.verb:set package 'my_robot_vis' build argument 'catkin_cmake_args' from command line to 'None'
[0.297s] Level 5:colcon.colcon_core.verb:set package 'my_robot_vis' build argument 'catkin_skip_building_tests' from command line to 'False'
[0.297s] DEBUG:colcon.colcon_core.verb:Building package 'my_robot_vis' with the following arguments: {'ament_cmake_args': None, 'build_base': '/home/selysecr/Ros2_Proj/dev_ws/build/my_robot_vis', 'catkin_cmake_args': None, 'catkin_skip_building_tests': False, 'cmake_args': None, 'cmake_clean_cache': False, 'cmake_clean_first': False, 'cmake_force_configure': False, 'cmake_target': None, 'cmake_target_skip_unavailable': False, 'install_base': '/home/selysecr/Ros2_Proj/dev_ws/install/my_robot_vis', 'merge_install': False, 'path': '/home/selysecr/Ros2_Proj/dev_ws/src/my_robot_vis', 'symlink_install': True, 'test_result_base': None}
[0.297s] INFO:colcon.colcon_core.executor:Executing jobs using 'parallel' executor
[0.298s] DEBUG:colcon.colcon_parallel_executor.executor.parallel:run_until_complete
[0.299s] INFO:colcon.colcon_ros.task.ament_python.build:Building ROS package in '/home/selysecr/Ros2_Proj/dev_ws/src/my_robot_vis' with build type 'ament_python'
[0.299s] Level 1:colcon.colcon_core.shell:create_environment_hook('my_robot_vis', 'ament_prefix_path')
[0.301s] INFO:colcon.colcon_core.plugin_system:Skipping extension 'colcon_core.shell.bat': Not used on non-Windows systems
[0.302s] INFO:colcon.colcon_core.shell:Creating environment hook '/home/selysecr/Ros2_Proj/dev_ws/install/my_robot_vis/share/my_robot_vis/hook/ament_prefix_path.ps1'
[0.302s] INFO:colcon.colcon_core.shell:Creating environment descriptor '/home/selysecr/Ros2_Proj/dev_ws/install/my_robot_vis/share/my_robot_vis/hook/ament_prefix_path.dsv'
[0.303s] INFO:colcon.colcon_core.shell:Creating environment hook '/home/selysecr/Ros2_Proj/dev_ws/install/my_robot_vis/share/my_robot_vis/hook/ament_prefix_path.sh'
[0.304s] INFO:colcon.colcon_core.shell:Skip shell extension 'powershell' for command environment: Not usable outside of PowerShell
[0.304s] DEBUG:colcon.colcon_core.shell:Skip shell extension 'dsv' for command environment
[0.575s] INFO:colcon.colcon_core.task.python.build:Building Python package in '/home/selysecr/Ros2_Proj/dev_ws/src/my_robot_vis'
[0.576s] INFO:colcon.colcon_core.shell:Skip shell extension 'powershell' for command environment: Not usable outside of PowerShell
[0.576s] DEBUG:colcon.colcon_core.shell:Skip shell extension 'dsv' for command environment
[1.265s] DEBUG:colcon.colcon_core.event_handler.log_command:Invoking command in '/home/selysecr/Ros2_Proj/dev_ws/build/my_robot_vis': DEBUGINFOD_URLS=https://debuginfod.ubuntu.com PYTHONPATH=/home/selysecr/Ros2_Proj/dev_ws/build/my_robot_vis/prefix_override:/usr/lib/python3/dist-packages/colcon_core/task/python/colcon_distutils_commands:/home/selysecr/Ros2_Proj/dev_ws/install/my_robot_vis/lib/python3.12/site-packages:${PYTHONPATH} /usr/bin/python3 -W ignore:setup.py install is deprecated -W ignore:easy_install command is deprecated setup.py develop --editable --build-directory /home/selysecr/Ros2_Proj/dev_ws/build/my_robot_vis/build --no-deps symlink_data
[1.995s] Level 1:colcon.colcon_core.shell:create_environment_hook('my_robot_vis', 'pythonpath_develop')
[1.996s] INFO:colcon.colcon_core.shell:Creating environment hook '/home/selysecr/Ros2_Proj/dev_ws/build/my_robot_vis/share/my_robot_vis/hook/pythonpath_develop.ps1'
[1.996s] DEBUG:colcon.colcon_core.event_handler.log_command:Invoked command in '/home/selysecr/Ros2_Proj/dev_ws/build/my_robot_vis' returned '0': DEBUGINFOD_URLS=https://debuginfod.ubuntu.com PYTHONPATH=/home/selysecr/Ros2_Proj/dev_ws/build/my_robot_vis/prefix_override:/usr/lib/python3/dist-packages/colcon_core/task/python/colcon_distutils_commands:/home/selysecr/Ros2_Proj/dev_ws/install/my_robot_vis/lib/python3.12/site-packages:${PYTHONPATH} /usr/bin/python3 -W ignore:setup.py install is deprecated -W ignore:easy_install command is deprecated setup.py develop --editable --build-directory /home/selysecr/Ros2_Proj/dev_ws/build/my_robot_vis/build --no-deps symlink_data
[1.996s] INFO:colcon.colcon_core.shell:Creating environment descriptor '/home/selysecr/Ros2_Proj/dev_ws/build/my_robot_vis/share/my_robot_vis/hook/pythonpath_develop.dsv'
[1.997s] INFO:colcon.colcon_core.shell:Creating environment hook '/home/selysecr/Ros2_Proj/dev_ws/build/my_robot_vis/share/my_robot_vis/hook/pythonpath_develop.sh'
[2.005s] Level 1:colcon.colcon_core.environment:checking '/home/selysecr/Ros2_Proj/dev_ws/install/my_robot_vis' for CMake module files
[2.006s] Level 1:colcon.colcon_core.environment:checking '/home/selysecr/Ros2_Proj/dev_ws/install/my_robot_vis' for CMake config files
[2.006s] Level 1:colcon.colcon_core.environment:checking '/home/selysecr/Ros2_Proj/dev_ws/install/my_robot_vis/lib'
[2.006s] Level 1:colcon.colcon_core.environment:checking '/home/selysecr/Ros2_Proj/dev_ws/install/my_robot_vis/bin'
[2.006s] Level 1:colcon.colcon_core.environment:checking '/home/selysecr/Ros2_Proj/dev_ws/install/my_robot_vis/lib/pkgconfig/my_robot_vis.pc'
[2.007s] Level 1:colcon.colcon_core.environment:checking '/home/selysecr/Ros2_Proj/dev_ws/install/my_robot_vis/lib/python3.12/site-packages'
[2.007s] Level 1:colcon.colcon_core.shell:create_environment_hook('my_robot_vis', 'pythonpath')
[2.007s] INFO:colcon.colcon_core.shell:Creating environment hook '/home/selysecr/Ros2_Proj/dev_ws/install/my_robot_vis/share/my_robot_vis/hook/pythonpath.ps1'
[2.008s] INFO:colcon.colcon_core.shell:Creating environment descriptor '/home/selysecr/Ros2_Proj/dev_ws/install/my_robot_vis/share/my_robot_vis/hook/pythonpath.dsv'
[2.008s] INFO:colcon.colcon_core.shell:Creating environment hook '/home/selysecr/Ros2_Proj/dev_ws/install/my_robot_vis/share/my_robot_vis/hook/pythonpath.sh'
[2.009s] Level 1:colcon.colcon_core.environment:checking '/home/selysecr/Ros2_Proj/dev_ws/install/my_robot_vis/bin'
[2.009s] Level 1:colcon.colcon_core.environment:create_environment_scripts_only(my_robot_vis)
[2.009s] INFO:colcon.colcon_core.shell:Creating package script '/home/selysecr/Ros2_Proj/dev_ws/install/my_robot_vis/share/my_robot_vis/package.ps1'
[2.010s] INFO:colcon.colcon_core.shell:Creating package descriptor '/home/selysecr/Ros2_Proj/dev_ws/install/my_robot_vis/share/my_robot_vis/package.dsv'
[2.012s] INFO:colcon.colcon_core.shell:Creating package script '/home/selysecr/Ros2_Proj/dev_ws/install/my_robot_vis/share/my_robot_vis/package.sh'
[2.013s] INFO:colcon.colcon_core.shell:Creating package script '/home/selysecr/Ros2_Proj/dev_ws/install/my_robot_vis/share/my_robot_vis/package.bash'
[2.014s] INFO:colcon.colcon_core.shell:Creating package script '/home/selysecr/Ros2_Proj/dev_ws/install/my_robot_vis/share/my_robot_vis/package.zsh'
[2.016s] Level 1:colcon.colcon_core.environment:create_file_with_runtime_dependencies(/home/selysecr/Ros2_Proj/dev_ws/install/my_robot_vis/share/colcon-core/packages/my_robot_vis)
[2.016s] DEBUG:colcon.colcon_parallel_executor.executor.parallel:closing loop
[2.017s] DEBUG:colcon.colcon_parallel_executor.executor.parallel:loop closed
[2.017s] DEBUG:colcon.colcon_parallel_executor.executor.parallel:run_until_complete finished with '0'
[2.017s] DEBUG:colcon.colcon_core.event_reactor:joining thread
[2.039s] INFO:colcon.colcon_core.plugin_system:Skipping extension 'colcon_notification.desktop_notification.terminal_notifier': Not used on non-Darwin systems
[2.039s] INFO:colcon.colcon_core.plugin_system:Skipping extension 'colcon_notification.desktop_notification.win32': Not used on non-Windows systems
[2.039s] INFO:colcon.colcon_notification.desktop_notification:Sending desktop notification using 'notify2'
[2.085s] DEBUG:colcon.colcon_core.event_reactor:joined thread
[2.085s] INFO:colcon.colcon_core.shell:Creating prefix script '/home/selysecr/Ros2_Proj/dev_ws/install/local_setup.ps1'
[2.088s] INFO:colcon.colcon_core.shell:Creating prefix util module '/home/selysecr/Ros2_Proj/dev_ws/install/_local_setup_util_ps1.py'
[2.095s] INFO:colcon.colcon_core.shell:Creating prefix chain script '/home/selysecr/Ros2_Proj/dev_ws/install/setup.ps1'
[2.104s] INFO:colcon.colcon_core.shell:Creating prefix script '/home/selysecr/Ros2_Proj/dev_ws/install/local_setup.sh'
[2.106s] INFO:colcon.colcon_core.shell:Creating prefix util module '/home/selysecr/Ros2_Proj/dev_ws/install/_local_setup_util_sh.py'
[2.107s] INFO:colcon.colcon_core.shell:Creating prefix chain script '/home/selysecr/Ros2_Proj/dev_ws/install/setup.sh'
[2.110s] INFO:colcon.colcon_core.shell:Creating prefix script '/home/selysecr/Ros2_Proj/dev_ws/install/local_setup.bash'
[2.112s] INFO:colcon.colcon_core.shell:Creating prefix chain script '/home/selysecr/Ros2_Proj/dev_ws/install/setup.bash'
[2.116s] INFO:colcon.colcon_core.shell:Creating prefix script '/home/selysecr/Ros2_Proj/dev_ws/install/local_setup.zsh'
[2.118s] INFO:colcon.colcon_core.shell:Creating prefix chain script '/home/selysecr/Ros2_Proj/dev_ws/install/setup.zsh'
