running develop
running egg_info
writing my_robot_vis.egg-info/PKG-INFO
writing dependency_links to my_robot_vis.egg-info/dependency_links.txt
writing entry points to my_robot_vis.egg-info/entry_points.txt
writing requirements to my_robot_vis.egg-info/requires.txt
writing top-level names to my_robot_vis.egg-info/top_level.txt
reading manifest file 'my_robot_vis.egg-info/SOURCES.txt'
writing manifest file 'my_robot_vis.egg-info/SOURCES.txt'
running build_ext
Creating /home/selysecr/dev_ws/install/my_robot_vis/lib/python3.12/site-packages/my-robot-vis.egg-link (link to .)
Installing move_demo script to /home/selysecr/dev_ws/install/my_robot_vis/lib/my_robot_vis

Installed /home/selysecr/dev_ws/build/my_robot_vis
running symlink_data
creating /home/selysecr/dev_ws/install/my_robot_vis/share/my_robot_vis/launch
symbolically linking /home/selysecr/dev_ws/build/my_robot_vis/launch/visualize.launch.py -> /home/selysecr/dev_ws/install/my_robot_vis/share/my_robot_vis/launch
creating /home/selysecr/dev_ws/install/my_robot_vis/share/my_robot_vis/urdf
symbolically linking /home/selysecr/dev_ws/build/my_robot_vis/urdf/my_robot.urdf -> /home/selysecr/dev_ws/install/my_robot_vis/share/my_robot_vis/urdf
creating /home/selysecr/dev_ws/install/my_robot_vis/share/my_robot_vis/rviz
symbolically linking /home/selysecr/dev_ws/build/my_robot_vis/rviz/default.rviz -> /home/selysecr/dev_ws/install/my_robot_vis/share/my_robot_vis/rviz
