[1.316s] Invoking command in '/home/selysecr/dev_ws/build/my_robot_vis': DEBUGINFOD_URLS=https://debuginfod.ubuntu.com PYTHONPATH=/home/selysecr/dev_ws/build/my_robot_vis/prefix_override:/usr/lib/python3/dist-packages/colcon_core/task/python/colcon_distutils_commands:/home/selysecr/dev_ws/install/my_robot_vis/lib/python3.12/site-packages:${PYTHONPATH} /usr/bin/python3 -W ignore:setup.py install is deprecated -W ignore:easy_install command is deprecated setup.py develop --editable --build-directory /home/selysecr/dev_ws/build/my_robot_vis/build --no-deps symlink_data
[1.705s] running develop
[1.957s] running egg_info
[1.979s] writing my_robot_vis.egg-info/PKG-INFO
[1.980s] writing dependency_links to my_robot_vis.egg-info/dependency_links.txt
[1.980s] writing entry points to my_robot_vis.egg-info/entry_points.txt
[1.981s] writing requirements to my_robot_vis.egg-info/requires.txt
[1.981s] writing top-level names to my_robot_vis.egg-info/top_level.txt
[2.050s] reading manifest file 'my_robot_vis.egg-info/SOURCES.txt'
[2.052s] writing manifest file 'my_robot_vis.egg-info/SOURCES.txt'
[2.078s] running build_ext
[2.078s] Creating /home/selysecr/dev_ws/install/my_robot_vis/lib/python3.12/site-packages/my-robot-vis.egg-link (link to .)
[2.078s] Installing move_demo script to /home/selysecr/dev_ws/install/my_robot_vis/lib/my_robot_vis
[2.078s] 
[2.078s] Installed /home/selysecr/dev_ws/build/my_robot_vis
[2.079s] running symlink_data
[2.079s] creating /home/selysecr/dev_ws/install/my_robot_vis/share/my_robot_vis/launch
[2.079s] symbolically linking /home/selysecr/dev_ws/build/my_robot_vis/launch/visualize.launch.py -> /home/selysecr/dev_ws/install/my_robot_vis/share/my_robot_vis/launch
[2.079s] creating /home/selysecr/dev_ws/install/my_robot_vis/share/my_robot_vis/urdf
[2.079s] symbolically linking /home/selysecr/dev_ws/build/my_robot_vis/urdf/my_robot.urdf -> /home/selysecr/dev_ws/install/my_robot_vis/share/my_robot_vis/urdf
[2.079s] creating /home/selysecr/dev_ws/install/my_robot_vis/share/my_robot_vis/rviz
[2.079s] symbolically linking /home/selysecr/dev_ws/build/my_robot_vis/rviz/default.rviz -> /home/selysecr/dev_ws/install/my_robot_vis/share/my_robot_vis/rviz
[2.124s] Invoked command in '/home/selysecr/dev_ws/build/my_robot_vis' returned '0': DEBUGINFOD_URLS=https://debuginfod.ubuntu.com PYTHONPATH=/home/selysecr/dev_ws/build/my_robot_vis/prefix_override:/usr/lib/python3/dist-packages/colcon_core/task/python/colcon_distutils_commands:/home/selysecr/dev_ws/install/my_robot_vis/lib/python3.12/site-packages:${PYTHONPATH} /usr/bin/python3 -W ignore:setup.py install is deprecated -W ignore:easy_install command is deprecated setup.py develop --editable --build-directory /home/selysecr/dev_ws/build/my_robot_vis/build --no-deps symlink_data
