running develop
running egg_info
creating my_robot_vis.egg-info
writing my_robot_vis.egg-info/PKG-INFO
writing dependency_links to my_robot_vis.egg-info/dependency_links.txt
writing entry points to my_robot_vis.egg-info/entry_points.txt
writing requirements to my_robot_vis.egg-info/requires.txt
writing top-level names to my_robot_vis.egg-info/top_level.txt
writing manifest file 'my_robot_vis.egg-info/SOURCES.txt'
reading manifest file 'my_robot_vis.egg-info/SOURCES.txt'
writing manifest file 'my_robot_vis.egg-info/SOURCES.txt'
running build_ext
Creating /home/selysecr/dev_ws/install/my_robot_vis/lib/python3.12/site-packages/my-robot-vis.egg-link (link to .)
Installing move_demo script to /home/selysecr/dev_ws/install/my_robot_vis/lib/my_robot_vis

Installed /home/selysecr/dev_ws/build/my_robot_vis
running symlink_data
creating /home/selysecr/dev_ws/install/my_robot_vis/share/ament_index
creating /home/selysecr/dev_ws/install/my_robot_vis/share/ament_index/resource_index
creating /home/selysecr/dev_ws/install/my_robot_vis/share/ament_index/resource_index/packages
symbolically linking /home/selysecr/dev_ws/build/my_robot_vis/resource/my_robot_vis -> /home/selysecr/dev_ws/install/my_robot_vis/share/ament_index/resource_index/packages
symbolically linking /home/selysecr/dev_ws/build/my_robot_vis/package.xml -> /home/selysecr/dev_ws/install/my_robot_vis/share/my_robot_vis
