[0.548s] DEBUG:colcon:Command line arguments: ['/usr/bin/colcon', 'build', '--symlink-install', '--packages-select', 'my_robot_vis']
[0.549s] DEBUG:colcon:Parsed command line arguments: Namespace(log_base=None, log_level=None, verb_name='build', build_base='build', install_base='install', merge_install=False, symlink_install=True, test_result_base=None, continue_on_error=False, executor='parallel', parallel_workers=4, event_handlers=None, ignore_user_meta=False, metas=['./colcon.meta'], base_paths=['.'], packages_ignore=None, packages_ignore_regex=None, paths=None, packages_up_to=None, packages_up_to_regex=None, packages_above=None, packages_above_and_dependencies=None, packages_above_depth=None, packages_select_by_dep=None, packages_skip_by_dep=None, packages_skip_up_to=None, packages_select_build_failed=False, packages_skip_build_finished=False, packages_select_test_failures=False, packages_skip_test_passed=False, packages_select=['my_robot_vis'], packages_skip=None, packages_select_regex=None, packages_skip_regex=None, packages_start=None, packages_end=None, allow_overriding=[], cmake_args=None, cmake_target=None, cmake_target_skip_unavailable=False, cmake_clean_cache=False, cmake_clean_first=False, cmake_force_configure=False, ament_cmake_args=None, catkin_cmake_args=None, catkin_skip_building_tests=False, mixin_files=None, mixin=None, verb_parser=<colcon_mixin.mixin.mixin_argument.MixinArgumentDecorator object at 0x7c8691577ef0>, verb_extension=<colcon_core.verb.build.BuildVerb object at 0x7c8691577b30>, main=<bound method BuildVerb.main of <colcon_core.verb.build.BuildVerb object at 0x7c8691577b30>>, mixin_verb=('build',))
[0.707s] Level 1:colcon.colcon_core.package_discovery:discover_packages(colcon_meta) check parameters
[0.707s] Level 1:colcon.colcon_core.package_discovery:discover_packages(recursive) check parameters
[0.707s] Level 1:colcon.colcon_core.package_discovery:discover_packages(ignore) check parameters
[0.707s] Level 1:colcon.colcon_core.package_discovery:discover_packages(path) check parameters
[0.707s] Level 1:colcon.colcon_core.package_discovery:discover_packages(colcon_meta) discover
[0.708s] Level 1:colcon.colcon_core.package_discovery:discover_packages(recursive) discover
[0.708s] INFO:colcon.colcon_core.package_discovery:Crawling recursively for packages in '/home/selysecr/Ros2_Proj/dev_ws'
[0.708s] Level 1:colcon.colcon_core.package_identification:_identify(.) by extensions ['ignore', 'ignore_ament_install']
[0.708s] Level 1:colcon.colcon_core.package_identification:_identify(.) by extension 'ignore'
[0.708s] Level 1:colcon.colcon_core.package_identification:_identify(.) by extension 'ignore_ament_install'
[0.708s] Level 1:colcon.colcon_core.package_identification:_identify(.) by extensions ['colcon_pkg']
[0.708s] Level 1:colcon.colcon_core.package_identification:_identify(.) by extension 'colcon_pkg'
[0.708s] Level 1:colcon.colcon_core.package_identification:_identify(.) by extensions ['colcon_meta']
[0.708s] Level 1:colcon.colcon_core.package_identification:_identify(.) by extension 'colcon_meta'
[0.708s] Level 1:colcon.colcon_core.package_identification:_identify(.) by extensions ['ros']
[0.708s] Level 1:colcon.colcon_core.package_identification:_identify(.) by extension 'ros'
[0.787s] Level 1:colcon.colcon_core.package_identification:_identify(.) by extensions ['cmake', 'python']
[0.787s] Level 1:colcon.colcon_core.package_identification:_identify(.) by extension 'cmake'
[0.787s] Level 1:colcon.colcon_core.package_identification:_identify(.) by extension 'python'
[0.787s] Level 1:colcon.colcon_core.package_identification:_identify(.) by extensions ['python_setup_py']
[0.787s] Level 1:colcon.colcon_core.package_identification:_identify(.) by extension 'python_setup_py'
[0.788s] Level 1:colcon.colcon_core.package_identification:_identify(build) by extensions ['ignore', 'ignore_ament_install']
[0.788s] Level 1:colcon.colcon_core.package_identification:_identify(build) by extension 'ignore'
[0.788s] Level 1:colcon.colcon_core.package_identification:_identify(build) ignored
[0.788s] Level 1:colcon.colcon_core.package_identification:_identify(install) by extensions ['ignore', 'ignore_ament_install']
[0.788s] Level 1:colcon.colcon_core.package_identification:_identify(install) by extension 'ignore'
[0.789s] Level 1:colcon.colcon_core.package_identification:_identify(install) ignored
[0.789s] Level 1:colcon.colcon_core.package_identification:_identify(log) by extensions ['ignore', 'ignore_ament_install']
[0.789s] Level 1:colcon.colcon_core.package_identification:_identify(log) by extension 'ignore'
[0.789s] Level 1:colcon.colcon_core.package_identification:_identify(log) ignored
[0.789s] Level 1:colcon.colcon_core.package_identification:_identify(src) by extensions ['ignore', 'ignore_ament_install']
[0.789s] Level 1:colcon.colcon_core.package_identification:_identify(src) by extension 'ignore'
[0.789s] Level 1:colcon.colcon_core.package_identification:_identify(src) by extension 'ignore_ament_install'
[0.789s] Level 1:colcon.colcon_core.package_identification:_identify(src) by extensions ['colcon_pkg']
[0.789s] Level 1:colcon.colcon_core.package_identification:_identify(src) by extension 'colcon_pkg'
[0.789s] Level 1:colcon.colcon_core.package_identification:_identify(src) by extensions ['colcon_meta']
[0.789s] Level 1:colcon.colcon_core.package_identification:_identify(src) by extension 'colcon_meta'
[0.789s] Level 1:colcon.colcon_core.package_identification:_identify(src) by extensions ['ros']
[0.789s] Level 1:colcon.colcon_core.package_identification:_identify(src) by extension 'ros'
[0.790s] Level 1:colcon.colcon_core.package_identification:_identify(src) by extensions ['cmake', 'python']
[0.790s] Level 1:colcon.colcon_core.package_identification:_identify(src) by extension 'cmake'
[0.790s] Level 1:colcon.colcon_core.package_identification:_identify(src) by extension 'python'
[0.790s] Level 1:colcon.colcon_core.package_identification:_identify(src) by extensions ['python_setup_py']
[0.790s] Level 1:colcon.colcon_core.package_identification:_identify(src) by extension 'python_setup_py'
[0.790s] Level 1:colcon.colcon_core.package_identification:_identify(src/my_robot_vis) by extensions ['ignore', 'ignore_ament_install']
[0.790s] Level 1:colcon.colcon_core.package_identification:_identify(src/my_robot_vis) by extension 'ignore'
[0.790s] Level 1:colcon.colcon_core.package_identification:_identify(src/my_robot_vis) by extension 'ignore_ament_install'
[0.790s] Level 1:colcon.colcon_core.package_identification:_identify(src/my_robot_vis) by extensions ['colcon_pkg']
[0.790s] Level 1:colcon.colcon_core.package_identification:_identify(src/my_robot_vis) by extension 'colcon_pkg'
[0.791s] Level 1:colcon.colcon_core.package_identification:_identify(src/my_robot_vis) by extensions ['colcon_meta']
[0.791s] Level 1:colcon.colcon_core.package_identification:_identify(src/my_robot_vis) by extension 'colcon_meta'
[0.791s] Level 1:colcon.colcon_core.package_identification:_identify(src/my_robot_vis) by extensions ['ros']
[0.791s] Level 1:colcon.colcon_core.package_identification:_identify(src/my_robot_vis) by extension 'ros'
[0.798s] DEBUG:colcon.colcon_core.package_identification:Package 'src/my_robot_vis' with type 'ros.ament_python' and name 'my_robot_vis'
[0.798s] Level 1:colcon.colcon_core.package_discovery:discover_packages(recursive) using defaults
[0.798s] Level 1:colcon.colcon_core.package_discovery:discover_packages(ignore) discover
[0.798s] Level 1:colcon.colcon_core.package_discovery:discover_packages(ignore) using defaults
[0.798s] Level 1:colcon.colcon_core.package_discovery:discover_packages(path) discover
[0.799s] Level 1:colcon.colcon_core.package_discovery:discover_packages(path) using defaults
[0.856s] Level 1:colcon.colcon_core.package_discovery:discover_packages(prefix_path) check parameters
[0.856s] Level 1:colcon.colcon_core.package_discovery:discover_packages(prefix_path) discover
[0.869s] DEBUG:colcon.colcon_installed_package_information.package_discovery:Found 1 installed packages in /home/selysecr/Ros2_Proj/dev_ws/install
[0.873s] DEBUG:colcon.colcon_installed_package_information.package_discovery:Found 288 installed packages in /opt/ros/jazzy
[0.876s] Level 1:colcon.colcon_core.package_discovery:discover_packages(prefix_path) using defaults
[1.096s] Level 5:colcon.colcon_core.verb:set package 'my_robot_vis' build argument 'cmake_args' from command line to 'None'
[1.097s] Level 5:colcon.colcon_core.verb:set package 'my_robot_vis' build argument 'cmake_target' from command line to 'None'
[1.097s] Level 5:colcon.colcon_core.verb:set package 'my_robot_vis' build argument 'cmake_target_skip_unavailable' from command line to 'False'
[1.097s] Level 5:colcon.colcon_core.verb:set package 'my_robot_vis' build argument 'cmake_clean_cache' from command line to 'False'
[1.097s] Level 5:colcon.colcon_core.verb:set package 'my_robot_vis' build argument 'cmake_clean_first' from command line to 'False'
[1.097s] Level 5:colcon.colcon_core.verb:set package 'my_robot_vis' build argument 'cmake_force_configure' from command line to 'False'
[1.097s] Level 5:colcon.colcon_core.verb:set package 'my_robot_vis' build argument 'ament_cmake_args' from command line to 'None'
[1.097s] Level 5:colcon.colcon_core.verb:set package 'my_robot_vis' build argument 'catkin_cmake_args' from command line to 'None'
[1.097s] Level 5:colcon.colcon_core.verb:set package 'my_robot_vis' build argument 'catkin_skip_building_tests' from command line to 'False'
[1.098s] DEBUG:colcon.colcon_core.verb:Building package 'my_robot_vis' with the following arguments: {'ament_cmake_args': None, 'build_base': '/home/selysecr/Ros2_Proj/dev_ws/build/my_robot_vis', 'catkin_cmake_args': None, 'catkin_skip_building_tests': False, 'cmake_args': None, 'cmake_clean_cache': False, 'cmake_clean_first': False, 'cmake_force_configure': False, 'cmake_target': None, 'cmake_target_skip_unavailable': False, 'install_base': '/home/selysecr/Ros2_Proj/dev_ws/install/my_robot_vis', 'merge_install': False, 'path': '/home/selysecr/Ros2_Proj/dev_ws/src/my_robot_vis', 'symlink_install': True, 'test_result_base': None}
[1.098s] INFO:colcon.colcon_core.executor:Executing jobs using 'parallel' executor
[1.100s] DEBUG:colcon.colcon_parallel_executor.executor.parallel:run_until_complete
[1.100s] INFO:colcon.colcon_ros.task.ament_python.build:Building ROS package in '/home/selysecr/Ros2_Proj/dev_ws/src/my_robot_vis' with build type 'ament_python'
[1.101s] Level 1:colcon.colcon_core.shell:create_environment_hook('my_robot_vis', 'ament_prefix_path')
[1.109s] INFO:colcon.colcon_core.plugin_system:Skipping extension 'colcon_core.shell.bat': Not used on non-Windows systems
[1.109s] INFO:colcon.colcon_core.shell:Creating environment hook '/home/selysecr/Ros2_Proj/dev_ws/install/my_robot_vis/share/my_robot_vis/hook/ament_prefix_path.ps1'
[1.111s] INFO:colcon.colcon_core.shell:Creating environment descriptor '/home/selysecr/Ros2_Proj/dev_ws/install/my_robot_vis/share/my_robot_vis/hook/ament_prefix_path.dsv'
[1.113s] INFO:colcon.colcon_core.shell:Creating environment hook '/home/selysecr/Ros2_Proj/dev_ws/install/my_robot_vis/share/my_robot_vis/hook/ament_prefix_path.sh'
[1.117s] INFO:colcon.colcon_core.shell:Skip shell extension 'powershell' for command environment: Not usable outside of PowerShell
[1.117s] DEBUG:colcon.colcon_core.shell:Skip shell extension 'dsv' for command environment
[1.752s] INFO:colcon.colcon_core.task.python.build:Building Python package in '/home/selysecr/Ros2_Proj/dev_ws/src/my_robot_vis'
[1.753s] INFO:colcon.colcon_core.shell:Skip shell extension 'powershell' for command environment: Not usable outside of PowerShell
[1.753s] DEBUG:colcon.colcon_core.shell:Skip shell extension 'dsv' for command environment
[3.692s] DEBUG:colcon.colcon_core.event_handler.log_command:Invoking command in '/home/selysecr/Ros2_Proj/dev_ws/build/my_robot_vis': DEBUGINFOD_URLS=https://debuginfod.ubuntu.com PYTHONPATH=/home/selysecr/Ros2_Proj/dev_ws/build/my_robot_vis/prefix_override:/usr/lib/python3/dist-packages/colcon_core/task/python/colcon_distutils_commands:/home/selysecr/Ros2_Proj/dev_ws/install/my_robot_vis/lib/python3.12/site-packages:${PYTHONPATH} /usr/bin/python3 -W ignore:setup.py install is deprecated -W ignore:easy_install command is deprecated setup.py develop --editable --build-directory /home/selysecr/Ros2_Proj/dev_ws/build/my_robot_vis/build --no-deps symlink_data
[5.155s] Level 1:colcon.colcon_core.shell:create_environment_hook('my_robot_vis', 'pythonpath_develop')
[5.155s] INFO:colcon.colcon_core.shell:Creating environment hook '/home/selysecr/Ros2_Proj/dev_ws/build/my_robot_vis/share/my_robot_vis/hook/pythonpath_develop.ps1'
[5.156s] DEBUG:colcon.colcon_core.event_handler.log_command:Invoked command in '/home/selysecr/Ros2_Proj/dev_ws/build/my_robot_vis' returned '0': DEBUGINFOD_URLS=https://debuginfod.ubuntu.com PYTHONPATH=/home/selysecr/Ros2_Proj/dev_ws/build/my_robot_vis/prefix_override:/usr/lib/python3/dist-packages/colcon_core/task/python/colcon_distutils_commands:/home/selysecr/Ros2_Proj/dev_ws/install/my_robot_vis/lib/python3.12/site-packages:${PYTHONPATH} /usr/bin/python3 -W ignore:setup.py install is deprecated -W ignore:easy_install command is deprecated setup.py develop --editable --build-directory /home/selysecr/Ros2_Proj/dev_ws/build/my_robot_vis/build --no-deps symlink_data
[5.158s] INFO:colcon.colcon_core.shell:Creating environment descriptor '/home/selysecr/Ros2_Proj/dev_ws/build/my_robot_vis/share/my_robot_vis/hook/pythonpath_develop.dsv'
[5.160s] INFO:colcon.colcon_core.shell:Creating environment hook '/home/selysecr/Ros2_Proj/dev_ws/build/my_robot_vis/share/my_robot_vis/hook/pythonpath_develop.sh'
[5.187s] Level 1:colcon.colcon_core.environment:checking '/home/selysecr/Ros2_Proj/dev_ws/install/my_robot_vis' for CMake module files
[5.188s] Level 1:colcon.colcon_core.environment:checking '/home/selysecr/Ros2_Proj/dev_ws/install/my_robot_vis' for CMake config files
[5.190s] Level 1:colcon.colcon_core.environment:checking '/home/selysecr/Ros2_Proj/dev_ws/install/my_robot_vis/lib'
[5.190s] Level 1:colcon.colcon_core.environment:checking '/home/selysecr/Ros2_Proj/dev_ws/install/my_robot_vis/bin'
[5.190s] Level 1:colcon.colcon_core.environment:checking '/home/selysecr/Ros2_Proj/dev_ws/install/my_robot_vis/lib/pkgconfig/my_robot_vis.pc'
[5.190s] Level 1:colcon.colcon_core.environment:checking '/home/selysecr/Ros2_Proj/dev_ws/install/my_robot_vis/lib/python3.12/site-packages'
[5.190s] Level 1:colcon.colcon_core.shell:create_environment_hook('my_robot_vis', 'pythonpath')
[5.191s] INFO:colcon.colcon_core.shell:Creating environment hook '/home/selysecr/Ros2_Proj/dev_ws/install/my_robot_vis/share/my_robot_vis/hook/pythonpath.ps1'
[5.192s] INFO:colcon.colcon_core.shell:Creating environment descriptor '/home/selysecr/Ros2_Proj/dev_ws/install/my_robot_vis/share/my_robot_vis/hook/pythonpath.dsv'
[5.193s] INFO:colcon.colcon_core.shell:Creating environment hook '/home/selysecr/Ros2_Proj/dev_ws/install/my_robot_vis/share/my_robot_vis/hook/pythonpath.sh'
[5.198s] Level 1:colcon.colcon_core.environment:checking '/home/selysecr/Ros2_Proj/dev_ws/install/my_robot_vis/bin'
[5.198s] Level 1:colcon.colcon_core.environment:create_environment_scripts_only(my_robot_vis)
[5.199s] INFO:colcon.colcon_core.shell:Creating package script '/home/selysecr/Ros2_Proj/dev_ws/install/my_robot_vis/share/my_robot_vis/package.ps1'
[5.203s] INFO:colcon.colcon_core.shell:Creating package descriptor '/home/selysecr/Ros2_Proj/dev_ws/install/my_robot_vis/share/my_robot_vis/package.dsv'
[5.205s] INFO:colcon.colcon_core.shell:Creating package script '/home/selysecr/Ros2_Proj/dev_ws/install/my_robot_vis/share/my_robot_vis/package.sh'
[5.207s] INFO:colcon.colcon_core.shell:Creating package script '/home/selysecr/Ros2_Proj/dev_ws/install/my_robot_vis/share/my_robot_vis/package.bash'
[5.209s] INFO:colcon.colcon_core.shell:Creating package script '/home/selysecr/Ros2_Proj/dev_ws/install/my_robot_vis/share/my_robot_vis/package.zsh'
[5.217s] Level 1:colcon.colcon_core.environment:create_file_with_runtime_dependencies(/home/selysecr/Ros2_Proj/dev_ws/install/my_robot_vis/share/colcon-core/packages/my_robot_vis)
[5.219s] DEBUG:colcon.colcon_parallel_executor.executor.parallel:closing loop
[5.219s] DEBUG:colcon.colcon_parallel_executor.executor.parallel:loop closed
[5.219s] DEBUG:colcon.colcon_parallel_executor.executor.parallel:run_until_complete finished with '0'
[5.219s] DEBUG:colcon.colcon_core.event_reactor:joining thread
[5.269s] INFO:colcon.colcon_core.plugin_system:Skipping extension 'colcon_notification.desktop_notification.terminal_notifier': Not used on non-Darwin systems
[5.269s] INFO:colcon.colcon_core.plugin_system:Skipping extension 'colcon_notification.desktop_notification.win32': Not used on non-Windows systems
[5.270s] INFO:colcon.colcon_notification.desktop_notification:Sending desktop notification using 'notify2'
[5.326s] DEBUG:colcon.colcon_core.event_reactor:joined thread
[5.326s] INFO:colcon.colcon_core.shell:Creating prefix script '/home/selysecr/Ros2_Proj/dev_ws/install/local_setup.ps1'
[5.328s] INFO:colcon.colcon_core.shell:Creating prefix util module '/home/selysecr/Ros2_Proj/dev_ws/install/_local_setup_util_ps1.py'
[5.336s] INFO:colcon.colcon_core.shell:Creating prefix chain script '/home/selysecr/Ros2_Proj/dev_ws/install/setup.ps1'
[5.339s] INFO:colcon.colcon_core.shell:Creating prefix script '/home/selysecr/Ros2_Proj/dev_ws/install/local_setup.sh'
[5.340s] INFO:colcon.colcon_core.shell:Creating prefix util module '/home/selysecr/Ros2_Proj/dev_ws/install/_local_setup_util_sh.py'
[5.341s] INFO:colcon.colcon_core.shell:Creating prefix chain script '/home/selysecr/Ros2_Proj/dev_ws/install/setup.sh'
[5.344s] INFO:colcon.colcon_core.shell:Creating prefix script '/home/selysecr/Ros2_Proj/dev_ws/install/local_setup.bash'
[5.346s] INFO:colcon.colcon_core.shell:Creating prefix chain script '/home/selysecr/Ros2_Proj/dev_ws/install/setup.bash'
[5.348s] INFO:colcon.colcon_core.shell:Creating prefix script '/home/selysecr/Ros2_Proj/dev_ws/install/local_setup.zsh'
[5.349s] INFO:colcon.colcon_core.shell:Creating prefix chain script '/home/selysecr/Ros2_Proj/dev_ws/install/setup.zsh'
