[2.612s] Invoking command in '/home/selysecr/Ros2_Proj/dev_ws/build/my_robot_vis': DEBUGINFOD_URLS=https://debuginfod.ubuntu.com PYTHONPATH=/home/selysecr/Ros2_Proj/dev_ws/build/my_robot_vis/prefix_override:/usr/lib/python3/dist-packages/colcon_core/task/python/colcon_distutils_commands:/home/selysecr/Ros2_Proj/dev_ws/install/my_robot_vis/lib/python3.12/site-packages:${PYTHONPATH} /usr/bin/python3 -W ignore:setup.py install is deprecated -W ignore:easy_install command is deprecated setup.py develop --editable --build-directory /home/selysecr/Ros2_Proj/dev_ws/build/my_robot_vis/build --no-deps symlink_data --force
[3.025s] running develop
[3.296s] running egg_info
[3.319s] writing my_robot_vis.egg-info/PKG-INFO
[3.320s] writing dependency_links to my_robot_vis.egg-info/dependency_links.txt
[3.320s] writing entry points to my_robot_vis.egg-info/entry_points.txt
[3.323s] writing requirements to my_robot_vis.egg-info/requires.txt
[3.323s] writing top-level names to my_robot_vis.egg-info/top_level.txt
[3.379s] reading manifest file 'my_robot_vis.egg-info/SOURCES.txt'
[3.381s] writing manifest file 'my_robot_vis.egg-info/SOURCES.txt'
[3.408s] running build_ext
[3.408s] Creating /home/selysecr/Ros2_Proj/dev_ws/install/my_robot_vis/lib/python3.12/site-packages/my-robot-vis.egg-link (link to .)
[3.409s] Installing move_demo script to /home/selysecr/Ros2_Proj/dev_ws/install/my_robot_vis/lib/my_robot_vis
[3.409s] 
[3.409s] Installed /home/selysecr/Ros2_Proj/dev_ws/build/my_robot_vis
[3.410s] running symlink_data
[3.410s] symbolically linking /home/selysecr/Ros2_Proj/dev_ws/build/my_robot_vis/resource/my_robot_vis -> /home/selysecr/Ros2_Proj/dev_ws/install/my_robot_vis/share/ament_index/resource_index/packages
[3.410s] symbolically linking /home/selysecr/Ros2_Proj/dev_ws/build/my_robot_vis/package.xml -> /home/selysecr/Ros2_Proj/dev_ws/install/my_robot_vis/share/my_robot_vis
[3.410s] symbolically linking /home/selysecr/Ros2_Proj/dev_ws/build/my_robot_vis/launch/visualize.launch.py -> /home/selysecr/Ros2_Proj/dev_ws/install/my_robot_vis/share/my_robot_vis/launch
[3.410s] symbolically linking /home/selysecr/Ros2_Proj/dev_ws/build/my_robot_vis/urdf/my_robot.urdf -> /home/selysecr/Ros2_Proj/dev_ws/install/my_robot_vis/share/my_robot_vis/urdf
[3.410s] symbolically linking /home/selysecr/Ros2_Proj/dev_ws/build/my_robot_vis/rviz/default.rviz -> /home/selysecr/Ros2_Proj/dev_ws/install/my_robot_vis/share/my_robot_vis/rviz
[3.411s] symbolically linking /home/selysecr/Ros2_Proj/dev_ws/build/my_robot_vis/meshes/Plecho_4_Link.STL -> /home/selysecr/Ros2_Proj/dev_ws/install/my_robot_vis/share/my_robot_vis/meshes
[3.411s] symbolically linking /home/selysecr/Ros2_Proj/dev_ws/build/my_robot_vis/meshes/Plecho_3_Link.STL -> /home/selysecr/Ros2_Proj/dev_ws/install/my_robot_vis/share/my_robot_vis/meshes
[3.411s] symbolically linking /home/selysecr/Ros2_Proj/dev_ws/build/my_robot_vis/meshes/Base_Robot_link.STL -> /home/selysecr/Ros2_Proj/dev_ws/install/my_robot_vis/share/my_robot_vis/meshes
[3.411s] symbolically linking /home/selysecr/Ros2_Proj/dev_ws/build/my_robot_vis/meshes/Plecho_2_Link.STL -> /home/selysecr/Ros2_Proj/dev_ws/install/my_robot_vis/share/my_robot_vis/meshes
[3.411s] symbolically linking /home/selysecr/Ros2_Proj/dev_ws/build/my_robot_vis/meshes/Povorotniy_Stol_Link.STL -> /home/selysecr/Ros2_Proj/dev_ws/install/my_robot_vis/share/my_robot_vis/meshes
[3.411s] symbolically linking /home/selysecr/Ros2_Proj/dev_ws/build/my_robot_vis/meshes/Plecho_1_Link.STL -> /home/selysecr/Ros2_Proj/dev_ws/install/my_robot_vis/share/my_robot_vis/meshes
[3.412s] symbolically linking /home/selysecr/Ros2_Proj/dev_ws/build/my_robot_vis/meshes/Kist_Link.STL -> /home/selysecr/Ros2_Proj/dev_ws/install/my_robot_vis/share/my_robot_vis/meshes
[3.469s] Invoked command in '/home/selysecr/Ros2_Proj/dev_ws/build/my_robot_vis' returned '0': DEBUGINFOD_URLS=https://debuginfod.ubuntu.com PYTHONPATH=/home/selysecr/Ros2_Proj/dev_ws/build/my_robot_vis/prefix_override:/usr/lib/python3/dist-packages/colcon_core/task/python/colcon_distutils_commands:/home/selysecr/Ros2_Proj/dev_ws/install/my_robot_vis/lib/python3.12/site-packages:${PYTHONPATH} /usr/bin/python3 -W ignore:setup.py install is deprecated -W ignore:easy_install command is deprecated setup.py develop --editable --build-directory /home/selysecr/Ros2_Proj/dev_ws/build/my_robot_vis/build --no-deps symlink_data --force
