[0.961s] Invoking command in '/home/selysecr/Ros2_Proj/dev_ws/build/my_robot_vis': DEBUGINFOD_URLS=https://debuginfod.ubuntu.com PYTHONPATH=/home/selysecr/Ros2_Proj/dev_ws/build/my_robot_vis/prefix_override:/usr/lib/python3/dist-packages/colcon_core/task/python/colcon_distutils_commands:/home/selysecr/Ros2_Proj/dev_ws/install/my_robot_vis/lib/python3.12/site-packages:${PYTHONPATH} /usr/bin/python3 -W ignore:setup.py install is deprecated -W ignore:easy_install command is deprecated setup.py develop --uninstall --editable --build-directory /home/selysecr/Ros2_Proj/dev_ws/build/my_robot_vis/build
[1.713s] running develop
[2.243s] Removing /home/selysecr/Ros2_Proj/dev_ws/install/my_robot_vis/lib/python3.12/site-packages/my-robot-vis.egg-link (link to .)
[2.308s] Invoked command in '/home/selysecr/Ros2_Proj/dev_ws/build/my_robot_vis' returned '0': DEBUGINFOD_URLS=https://debuginfod.ubuntu.com PYTHONPATH=/home/selysecr/Ros2_Proj/dev_ws/build/my_robot_vis/prefix_override:/usr/lib/python3/dist-packages/colcon_core/task/python/colcon_distutils_commands:/home/selysecr/Ros2_Proj/dev_ws/install/my_robot_vis/lib/python3.12/site-packages:${PYTHONPATH} /usr/bin/python3 -W ignore:setup.py install is deprecated -W ignore:easy_install command is deprecated setup.py develop --uninstall --editable --build-directory /home/selysecr/Ros2_Proj/dev_ws/build/my_robot_vis/build
[2.310s] Invoking command in '/home/selysecr/Ros2_Proj/dev_ws/src/my_robot_vis': DEBUGINFOD_URLS=https://debuginfod.ubuntu.com PYTHONPATH=/home/selysecr/Ros2_Proj/dev_ws/build/my_robot_vis/prefix_override:/usr/lib/python3/dist-packages/colcon_core/task/python/colcon_distutils_commands:/home/selysecr/Ros2_Proj/dev_ws/install/my_robot_vis/lib/python3.12/site-packages:${PYTHONPATH} /usr/bin/python3 -W ignore:setup.py install is deprecated -W ignore:easy_install command is deprecated setup.py egg_info --egg-base ../../build/my_robot_vis build --build-base /home/selysecr/Ros2_Proj/dev_ws/build/my_robot_vis/build install --record /home/selysecr/Ros2_Proj/dev_ws/build/my_robot_vis/install.log --single-version-externally-managed install_data --force
[2.602s] running egg_info
[2.623s] writing ../../build/my_robot_vis/my_robot_vis.egg-info/PKG-INFO
[2.623s] writing dependency_links to ../../build/my_robot_vis/my_robot_vis.egg-info/dependency_links.txt
[2.624s] writing entry points to ../../build/my_robot_vis/my_robot_vis.egg-info/entry_points.txt
[2.624s] writing requirements to ../../build/my_robot_vis/my_robot_vis.egg-info/requires.txt
[2.624s] writing top-level names to ../../build/my_robot_vis/my_robot_vis.egg-info/top_level.txt
[2.674s] reading manifest file '../../build/my_robot_vis/my_robot_vis.egg-info/SOURCES.txt'
[2.676s] writing manifest file '../../build/my_robot_vis/my_robot_vis.egg-info/SOURCES.txt'
[2.676s] running build
[2.676s] running build_py
[2.676s] creating /home/selysecr/Ros2_Proj/dev_ws/build/my_robot_vis/build
[2.677s] creating /home/selysecr/Ros2_Proj/dev_ws/build/my_robot_vis/build/lib
[2.677s] creating /home/selysecr/Ros2_Proj/dev_ws/build/my_robot_vis/build/lib/my_robot_vis
[2.677s] copying my_robot_vis/__init__.py -> /home/selysecr/Ros2_Proj/dev_ws/build/my_robot_vis/build/lib/my_robot_vis
[2.677s] copying my_robot_vis/move_demo.py -> /home/selysecr/Ros2_Proj/dev_ws/build/my_robot_vis/build/lib/my_robot_vis
[2.677s] running install
[2.684s] running install_lib
[2.707s] creating /home/selysecr/Ros2_Proj/dev_ws/install/my_robot_vis/lib/python3.12/site-packages/my_robot_vis
[2.707s] copying /home/selysecr/Ros2_Proj/dev_ws/build/my_robot_vis/build/lib/my_robot_vis/__init__.py -> /home/selysecr/Ros2_Proj/dev_ws/install/my_robot_vis/lib/python3.12/site-packages/my_robot_vis
[2.707s] copying /home/selysecr/Ros2_Proj/dev_ws/build/my_robot_vis/build/lib/my_robot_vis/move_demo.py -> /home/selysecr/Ros2_Proj/dev_ws/install/my_robot_vis/lib/python3.12/site-packages/my_robot_vis
[2.707s] byte-compiling /home/selysecr/Ros2_Proj/dev_ws/install/my_robot_vis/lib/python3.12/site-packages/my_robot_vis/__init__.py to __init__.cpython-312.pyc
[2.708s] byte-compiling /home/selysecr/Ros2_Proj/dev_ws/install/my_robot_vis/lib/python3.12/site-packages/my_robot_vis/move_demo.py to move_demo.cpython-312.pyc
[2.708s] running install_data
[2.709s] copying resource/my_robot_vis -> /home/selysecr/Ros2_Proj/dev_ws/install/my_robot_vis/share/ament_index/resource_index/packages
[2.709s] copying package.xml -> /home/selysecr/Ros2_Proj/dev_ws/install/my_robot_vis/share/my_robot_vis
[2.709s] copying launch/visualize.launch.py -> /home/selysecr/Ros2_Proj/dev_ws/install/my_robot_vis/share/my_robot_vis/launch
[2.709s] copying urdf/my_robot.urdf -> /home/selysecr/Ros2_Proj/dev_ws/install/my_robot_vis/share/my_robot_vis/urdf
[2.709s] copying rviz/default.rviz -> /home/selysecr/Ros2_Proj/dev_ws/install/my_robot_vis/share/my_robot_vis/rviz
[2.709s] copying meshes/Plecho_4_Link.STL -> /home/selysecr/Ros2_Proj/dev_ws/install/my_robot_vis/share/my_robot_vis/meshes
[2.714s] copying meshes/Plecho_3_Link.STL -> /home/selysecr/Ros2_Proj/dev_ws/install/my_robot_vis/share/my_robot_vis/meshes
[2.723s] copying meshes/Base_Robot_link.STL -> /home/selysecr/Ros2_Proj/dev_ws/install/my_robot_vis/share/my_robot_vis/meshes
[2.727s] copying meshes/Plecho_2_Link.STL -> /home/selysecr/Ros2_Proj/dev_ws/install/my_robot_vis/share/my_robot_vis/meshes
[2.730s] copying meshes/Povorotniy_Stol_Link.STL -> /home/selysecr/Ros2_Proj/dev_ws/install/my_robot_vis/share/my_robot_vis/meshes
[2.734s] copying meshes/Plecho_1_Link.STL -> /home/selysecr/Ros2_Proj/dev_ws/install/my_robot_vis/share/my_robot_vis/meshes
[2.741s] copying meshes/Kist_Link.STL -> /home/selysecr/Ros2_Proj/dev_ws/install/my_robot_vis/share/my_robot_vis/meshes
[2.744s] running install_egg_info
[2.780s] Copying ../../build/my_robot_vis/my_robot_vis.egg-info to /home/selysecr/Ros2_Proj/dev_ws/install/my_robot_vis/lib/python3.12/site-packages/my_robot_vis-0.0.0-py3.12.egg-info
[2.781s] running install_scripts
[2.926s] Installing move_demo script to /home/selysecr/Ros2_Proj/dev_ws/install/my_robot_vis/lib/my_robot_vis
[2.927s] writing list of installed files to '/home/selysecr/Ros2_Proj/dev_ws/build/my_robot_vis/install.log'
[2.962s] Invoked command in '/home/selysecr/Ros2_Proj/dev_ws/src/my_robot_vis' returned '0': DEBUGINFOD_URLS=https://debuginfod.ubuntu.com PYTHONPATH=/home/selysecr/Ros2_Proj/dev_ws/build/my_robot_vis/prefix_override:/usr/lib/python3/dist-packages/colcon_core/task/python/colcon_distutils_commands:/home/selysecr/Ros2_Proj/dev_ws/install/my_robot_vis/lib/python3.12/site-packages:${PYTHONPATH} /usr/bin/python3 -W ignore:setup.py install is deprecated -W ignore:easy_install command is deprecated setup.py egg_info --egg-base ../../build/my_robot_vis build --build-base /home/selysecr/Ros2_Proj/dev_ws/build/my_robot_vis/build install --record /home/selysecr/Ros2_Proj/dev_ws/build/my_robot_vis/install.log --single-version-externally-managed install_data --force
